{"total": {"lines":{"total":42,"covered":34,"skipped":0,"pct":80.95},"statements":{"total":45,"covered":37,"skipped":0,"pct":82.22},"functions":{"total":6,"covered":5,"skipped":0,"pct":83.33},"branches":{"total":16,"covered":12,"skipped":0,"pct":75},"branchesTrue":{"total":0,"covered":0,"skipped":0,"pct":100}}
,"/Users/mbpro/Documents/GitHub/ai-toolbox/backend/src/config.ts": {"lines":{"total":9,"covered":8,"skipped":0,"pct":88.88},"functions":{"total":2,"covered":2,"skipped":0,"pct":100},"statements":{"total":10,"covered":9,"skipped":0,"pct":90},"branches":{"total":2,"covered":1,"skipped":0,"pct":50}}
,"/Users/mbpro/Documents/GitHub/ai-toolbox/backend/src/logger.ts": {"lines":{"total":6,"covered":5,"skipped":0,"pct":83.33},"functions":{"total":0,"covered":0,"skipped":0,"pct":100},"statements":{"total":6,"covered":5,"skipped":0,"pct":83.33},"branches":{"total":6,"covered":4,"skipped":0,"pct":66.66}}
,"/Users/mbpro/Documents/GitHub/ai-toolbox/backend/src/test-app.ts": {"lines":{"total":6,"covered":0,"skipped":0,"pct":0},"functions":{"total":1,"covered":0,"skipped":0,"pct":0},"statements":{"total":6,"covered":0,"skipped":0,"pct":0},"branches":{"total":0,"covered":0,"skipped":0,"pct":100}}
,"/Users/mbpro/Documents/GitHub/ai-toolbox/backend/src/database/init.ts": {"lines":{"total":13,"covered":13,"skipped":0,"pct":100},"functions":{"total":2,"covered":2,"skipped":0,"pct":100},"statements":{"total":14,"covered":14,"skipped":0,"pct":100},"branches":{"total":8,"covered":7,"skipped":0,"pct":87.5}}
,"/Users/mbpro/Documents/GitHub/ai-toolbox/backend/src/routes/health.ts": {"lines":{"total":8,"covered":8,"skipped":0,"pct":100},"functions":{"total":1,"covered":1,"skipped":0,"pct":100},"statements":{"total":9,"covered":9,"skipped":0,"pct":100},"branches":{"total":0,"covered":0,"skipped":0,"pct":100}}
}
