TN:
SF:src/config.ts
FN:15,validateConfig
FN:20,(anonymous_1)
FNF:2
FNH:2
FNDA:19,validateConfig
FNDA:7,(anonymous_1)
DA:1,1
DA:3,1
DA:15,1
DA:16,19
DA:17,19
DA:19,6
DA:20,7
DA:21,6
DA:23,0
LF:9
LH:8
BRDA:19,0,0,6
BRDA:19,0,1,0
BRF:2
BRH:1
end_of_record
TN:
SF:src/logger.ts
FNF:0
FNH:0
DA:1,2
DA:3,2
DA:9,2
DA:23,2
DA:24,2
DA:32,2
LF:6
LH:6
BRDA:10,0,0,2
BRDA:10,0,1,0
BRDA:23,1,0,2
BRDA:23,1,1,0
BRF:4
BRH:2
end_of_record
TN:
SF:src/test-app.ts
FN:12,(anonymous_0)
FNF:1
FNH:0
FNDA:0,(anonymous_0)
DA:5,0
DA:8,0
DA:9,0
DA:12,0
DA:13,0
DA:16,0
LF:6
LH:0
BRF:0
BRH:0
end_of_record
TN:
SF:src/database/init.ts
FN:15,(anonymous_1)
FNF:1
FNH:1
FNDA:8,(anonymous_1)
DA:1,1
DA:2,1
DA:4,1
DA:15,1
DA:16,8
DA:17,8
DA:18,8
DA:21,7
DA:28,6
DA:29,6
DA:31,2
LF:11
LH:11
BRDA:5,0,0,1
BRDA:5,0,1,0
BRDA:6,1,0,1
BRDA:6,1,1,0
BRDA:7,2,0,1
BRDA:7,2,1,0
BRDA:31,3,0,2
BRDA:31,3,1,0
BRF:8
BRH:4
end_of_record
TN:
SF:src/routes/health.ts
FN:5,(anonymous_1)
FNF:1
FNH:1
FNDA:3,(anonymous_1)
DA:2,1
DA:3,1
DA:5,1
DA:6,3
DA:8,3
DA:9,1
DA:16,2
DA:17,2
LF:8
LH:8
BRF:0
BRH:0
end_of_record
