TN:
SF:src/config.ts
FN:15,validateConfig
FN:20,(anonymous_1)
FNF:2
FNH:2
FNDA:19,validateConfig
FNDA:7,(anonymous_1)
DA:1,1
DA:3,1
DA:15,1
DA:16,19
DA:17,19
DA:19,6
DA:20,7
DA:21,6
DA:23,0
LF:9
LH:8
BRDA:19,0,0,6
BRDA:19,0,1,0
BRF:2
BRH:1
end_of_record
TN:
SF:src/logger.ts
FNF:0
FNH:0
DA:1,2
DA:3,2
DA:9,2
DA:23,2
DA:24,0
DA:32,2
LF:6
LH:5
BRDA:10,0,0,2
BRDA:10,0,1,0
BRDA:23,1,0,0
BRDA:23,1,1,2
BRDA:23,2,0,2
BRDA:23,2,1,2
BRF:6
BRH:4
end_of_record
TN:
SF:src/test-app.ts
FN:12,(anonymous_0)
FNF:1
FNH:0
FNDA:0,(anonymous_0)
DA:5,0
DA:8,0
DA:9,0
DA:12,0
DA:13,0
DA:16,0
LF:6
LH:0
BRF:0
BRH:0
end_of_record
TN:
SF:src/database/init.ts
FN:4,getInitConfig
FN:17,(anonymous_2)
FNF:2
FNH:2
FNDA:14,getInitConfig
FNDA:8,(anonymous_2)
DA:1,1
DA:2,1
DA:4,1
DA:5,14
DA:17,1
DA:18,8
DA:19,8
DA:20,8
DA:21,8
DA:24,7
DA:31,6
DA:32,6
DA:34,2
LF:13
LH:13
BRDA:6,0,0,14
BRDA:6,0,1,1
BRDA:7,1,0,14
BRDA:7,1,1,1
BRDA:8,2,0,14
BRDA:8,2,1,1
BRDA:34,3,0,2
BRDA:34,3,1,0
BRF:8
BRH:7
end_of_record
TN:
SF:src/routes/health.ts
FN:5,(anonymous_1)
FNF:1
FNH:1
FNDA:3,(anonymous_1)
DA:2,1
DA:3,1
DA:5,1
DA:6,3
DA:8,3
DA:9,1
DA:16,2
DA:17,2
LF:8
LH:8
BRF:0
BRH:0
end_of_record
